# JRE version: Java(TM) SE Runtime Environment (7.0_79-b15) (build 1.7.0_79-b15)
# Java VM: Java HotSpot(TM) 64-Bit Server VM (24.79-b02 mixed mode bsd-amd64 compressed oops)
Heap
 PSYoungGen      total 32768K, used 6111K [0x00000007f0000000, 0x00000007f2600000, 0x0000000800000000)
  eden space 32256K, 18% used [0x00000007f0000000,0x00000007f05e7ce0,0x00000007f1f80000)
  from space 512K, 12% used [0x00000007f2580000,0x00000007f2590000,0x00000007f2600000)
  to   space 512K, 0% used [0x00000007f2500000,0x00000007f2500000,0x00000007f2580000)
 ParOldGen       total 215552K, used 185722K [0x00000007d0000000, 0x00000007dd280000, 0x00000007f0000000)
  object space 215552K, 86% used [0x00000007d0000000,0x00000007db55ead8,0x00000007dd280000)
 PSPermGen       total 110080K, used 91262K [0x00000007c0000000, 0x00000007c6b80000, 0x00000007d0000000)
  object space 110080K, 82% used [0x00000007c0000000,0x00000007c591f840,0x00000007c6b80000)
GC Heap History (10 events):
Event: 668147.000 GC heap before
{Heap before GC invocations=786 (full 4):
 PSYoungGen      total 32768K, used 32352K [0x00000007f0000000, 0x00000007f2600000, 0x0000000800000000)
  eden space 32256K, 100% used [0x00000007f0000000,0x00000007f1f80000,0x00000007f1f80000)
  from space 512K, 18% used [0x00000007f2500000,0x00000007f2518000,0x00000007f2580000)
  to   space 512K, 0% used [0x00000007f2580000,0x00000007f2580000,0x00000007f2600000)
 ParOldGen       total 215552K, used 185722K [0x00000007d0000000, 0x00000007dd280000, 0x00000007f0000000)
  object space 215552K, 86% used [0x00000007d0000000,0x00000007db55ead8,0x00000007dd280000)
 PSPermGen       total 110080K, used 91242K [0x00000007c0000000, 0x00000007c6b80000, 0x00000007d0000000)
  object space 110080K, 82% used [0x00000007c0000000,0x00000007c591aae0,0x00000007c6b80000)
Event: 668147.006 GC heap after
Heap after GC invocations=786 (full 4):
 PSYoungGen      total 32768K, used 128K [0x00000007f0000000, 0x00000007f2600000, 0x0000000800000000)
  eden space 32256K, 0% used [0x00000007f0000000,0x00000007f0000000,0x00000007f1f80000)
  from space 512K, 25% used [0x00000007f2580000,0x00000007f25a0000,0x00000007f2600000)
  to   space 512K, 0% used [0x00000007f2500000,0x00000007f2500000,0x00000007f2580000)
 ParOldGen       total 215552K, used 185722K [0x00000007d0000000, 0x00000007dd280000, 0x00000007f0000000)
  object space 215552K, 86% used [0x00000007d0000000,0x00000007db55ead8,0x00000007dd280000)
 PSPermGen       total 110080K, used 91242K [0x00000007c0000000, 0x00000007c6b80000, 0x00000007d0000000)
  object space 110080K, 82% used [0x00000007c0000000,0x00000007c591aae0,0x00000007c6b80000)
}
Event: 668261.276 GC heap before
{Heap before GC invocations=787 (full 4):
 PSYoungGen      total 32768K, used 32384K [0x00000007f0000000, 0x00000007f2600000, 0x0000000800000000)
  eden space 32256K, 100% used [0x00000007f0000000,0x00000007f1f80000,0x00000007f1f80000)
  from space 512K, 25% used [0x00000007f2580000,0x00000007f25a0000,0x00000007f2600000)
  to   space 512K, 0% used [0x00000007f2500000,0x00000007f2500000,0x00000007f2580000)
 ParOldGen       total 215552K, used 185722K [0x00000007d0000000, 0x00000007dd280000, 0x00000007f0000000)
  object space 215552K, 86% used [0x00000007d0000000,0x00000007db55ead8,0x00000007dd280000)
 PSPermGen       total 110080K, used 91242K [0x00000007c0000000, 0x00000007c6b80000, 0x00000007d0000000)
  object space 110080K, 82% used [0x00000007c0000000,0x00000007c591aae0,0x00000007c6b80000)
Event: 668261.281 GC heap after
Heap after GC invocations=787 (full 4):
 PSYoungGen      total 32768K, used 128K [0x00000007f0000000, 0x00000007f2600000, 0x0000000800000000)
  eden space 32256K, 0% used [0x00000007f0000000,0x00000007f0000000,0x00000007f1f80000)
  from space 512K, 25% used [0x00000007f2500000,0x00000007f2520000,0x00000007f2580000)
  to   space 512K, 0% used [0x00000007f2580000,0x00000007f2580000,0x00000007f2600000)
 ParOldGen       total 215552K, used 185722K [0x00000007d0000000, 0x00000007dd280000, 0x00000007f0000000)
  object space 215552K, 86% used [0x00000007d0000000,0x00000007db55ead8,0x00000007dd280000)
 PSPermGen       total 110080K, used 91242K [0x00000007c0000000, 0x00000007c6b80000, 0x00000007d0000000)
  object space 110080K, 82% used [0x00000007c0000000,0x00000007c591aae0,0x00000007c6b80000)
}
Event: 668375.536 GC heap before
{Heap before GC invocations=788 (full 4):
 PSYoungGen      total 32768K, used 32384K [0x00000007f0000000, 0x00000007f2600000, 0x0000000800000000)
  eden space 32256K, 100% used [0x00000007f0000000,0x00000007f1f80000,0x00000007f1f80000)
  from space 512K, 25% used [0x00000007f2500000,0x00000007f2520000,0x00000007f2580000)
  to   space 512K, 0% used [0x00000007f2580000,0x00000007f2580000,0x00000007f2600000)
 ParOldGen       total 215552K, used 185722K [0x00000007d0000000, 0x00000007dd280000, 0x00000007f0000000)
  object space 215552K, 86% used [0x00000007d0000000,0x00000007db55ead8,0x00000007dd280000)
 PSPermGen       total 110080K, used 91242K [0x00000007c0000000, 0x00000007c6b80000, 0x00000007d0000000)
  object space 110080K, 82% used [0x00000007c0000000,0x00000007c591aae0,0x00000007c6b80000)
Event: 668375.541 GC heap after
Heap after GC invocations=788 (full 4):
 PSYoungGen      total 32768K, used 128K [0x00000007f0000000, 0x00000007f2600000, 0x0000000800000000)
  eden space 32256K, 0% used [0x00000007f0000000,0x00000007f0000000,0x00000007f1f80000)
  from space 512K, 25% used [0x00000007f2580000,0x00000007f25a0000,0x00000007f2600000)
  to   space 512K, 0% used [0x00000007f2500000,0x00000007f2500000,0x00000007f2580000)
 ParOldGen       total 215552K, used 185722K [0x00000007d0000000, 0x00000007dd280000, 0x00000007f0000000)
  object space 215552K, 86% used [0x00000007d0000000,0x00000007db55ead8,0x00000007dd280000)
 PSPermGen       total 110080K, used 91242K [0x00000007c0000000, 0x00000007c6b80000, 0x00000007d0000000)
  object space 110080K, 82% used [0x00000007c0000000,0x00000007c591aae0,0x00000007c6b80000)
}
Event: 668489.869 GC heap before
{Heap before GC invocations=789 (full 4):
 PSYoungGen      total 32768K, used 32384K [0x00000007f0000000, 0x00000007f2600000, 0x0000000800000000)
  eden space 32256K, 100% used [0x00000007f0000000,0x00000007f1f80000,0x00000007f1f80000)
  from space 512K, 25% used [0x00000007f2580000,0x00000007f25a0000,0x00000007f2600000)
  to   space 512K, 0% used [0x00000007f2500000,0x00000007f2500000,0x00000007f2580000)
 ParOldGen       total 215552K, used 185722K [0x00000007d0000000, 0x00000007dd280000, 0x00000007f0000000)
  object space 215552K, 86% used [0x00000007d0000000,0x00000007db55ead8,0x00000007dd280000)
 PSPermGen       total 110080K, used 91242K [0x00000007c0000000, 0x00000007c6b80000, 0x00000007d0000000)
  object space 110080K, 82% used [0x00000007c0000000,0x00000007c591aae0,0x00000007c6b80000)
Event: 668489.874 GC heap after
Heap after GC invocations=789 (full 4):
 PSYoungGen      total 32768K, used 128K [0x00000007f0000000, 0x00000007f2600000, 0x0000000800000000)
  eden space 32256K, 0% used [0x00000007f0000000,0x00000007f0000000,0x00000007f1f80000)
  from space 512K, 25% used [0x00000007f2500000,0x00000007f2520000,0x00000007f2580000)
  to   space 512K, 0% used [0x00000007f2580000,0x00000007f2580000,0x00000007f2600000)
 ParOldGen       total 215552K, used 185722K [0x00000007d0000000, 0x00000007dd280000, 0x00000007f0000000)
  object space 215552K, 86% used [0x00000007d0000000,0x00000007db55ead8,0x00000007dd280000)
 PSPermGen       total 110080K, used 91242K [0x00000007c0000000, 0x00000007c6b80000, 0x00000007d0000000)
  object space 110080K, 82% used [0x00000007c0000000,0x00000007c591aae0,0x00000007c6b80000)
}
Event: 668604.178 GC heap before
{Heap before GC invocations=790 (full 4):
 PSYoungGen      total 32768K, used 32384K [0x00000007f0000000, 0x00000007f2600000, 0x0000000800000000)
  eden space 32256K, 100% used [0x00000007f0000000,0x00000007f1f80000,0x00000007f1f80000)
  from space 512K, 25% used [0x00000007f2500000,0x00000007f2520000,0x00000007f2580000)
  to   space 512K, 0% used [0x00000007f2580000,0x00000007f2580000,0x00000007f2600000)
 ParOldGen       total 215552K, used 185722K [0x00000007d0000000, 0x00000007dd280000, 0x00000007f0000000)
  object space 215552K, 86% used [0x00000007d0000000,0x00000007db55ead8,0x00000007dd280000)
 PSPermGen       total 110080K, used 91242K [0x00000007c0000000, 0x00000007c6b80000, 0x00000007d0000000)
  object space 110080K, 82% used [0x00000007c0000000,0x00000007c591aae0,0x00000007c6b80000)
Event: 668604.183 GC heap after
Heap after GC invocations=790 (full 4):
 PSYoungGen      total 32768K, used 64K [0x00000007f0000000, 0x00000007f2600000, 0x0000000800000000)
  eden space 32256K, 0% used [0x00000007f0000000,0x00000007f0000000,0x00000007f1f80000)
  from space 512K, 12% used [0x00000007f2580000,0x00000007f2590000,0x00000007f2600000)
  to   space 512K, 0% used [0x00000007f2500000,0x00000007f2500000,0x00000007f2580000)
 ParOldGen       total 215552K, used 185722K [0x00000007d0000000, 0x00000007dd280000, 0x00000007f0000000)
  object space 215552K, 86% used [0x00000007d0000000,0x00000007db55ead8,0x00000007dd280000)
 PSPermGen       total 110080K, used 91242K [0x00000007c0000000, 0x00000007c6b80000, 0x00000007d0000000)
  object space 110080K, 82% used [0x00000007c0000000,0x00000007c591aae0,0x00000007c6b80000)
}

